SF:lib/generated/l10n.dart
DA:16,3
DA:20,3
DA:22,3
DA:30,3
DA:31,3
DA:32,0
DA:33,3
DA:34,3
DA:35,9
DA:36,3
DA:37,3
DA:44,0
DA:45,0
DA:47,0
DA:53,0
DA:54,0
DA:58,0
DA:59,0
DA:63,0
DA:64,0
DA:68,0
DA:69,0
DA:73,0
DA:74,0
DA:78,0
DA:79,0
DA:83,0
DA:84,0
DA:88,0
DA:89,0
DA:93,0
DA:94,0
DA:98,0
DA:99,0
DA:103,0
DA:108,0
DA:109,0
DA:113,0
DA:114,0
DA:118,0
DA:123,0
DA:124,0
DA:128,0
DA:133,0
DA:134,0
DA:138,0
DA:139,0
DA:143,0
DA:148,0
DA:149,0
DA:153,0
DA:154,0
DA:158,0
DA:163,0
DA:164,0
DA:168,0
DA:169,0
DA:173,0
DA:174,0
DA:178,0
DA:179,0
DA:183,0
DA:188,0
DA:189,0
DA:193,0
DA:194,0
DA:198,0
DA:203,0
DA:204,0
DA:208,0
DA:209,0
DA:213,0
DA:218,0
DA:219,0
DA:223,0
DA:228,0
DA:229,0
DA:233,0
DA:234,0
DA:238,0
DA:243,0
DA:244,0
DA:248,0
DA:249,0
DA:253,0
DA:258,0
DA:259,0
DA:263,0
DA:268,0
DA:269,0
DA:273,0
DA:274,0
DA:278,0
DA:279,0
DA:283,0
DA:288,0
DA:289,0
DA:293,0
DA:298,0
DA:299,0
DA:303,0
DA:308,0
DA:309,0
DA:313,0
DA:318,0
DA:319,0
DA:323,0
DA:324,0
DA:328,0
DA:333,0
DA:334,0
DA:338,0
DA:343,0
DA:344,0
DA:348,0
DA:353,0
DA:354,0
DA:358,0
DA:359,0
DA:363,0
DA:364,0
DA:368,0
DA:369,0
DA:373,0
DA:374,0
DA:378,0
DA:379,0
DA:383,0
DA:388,0
DA:389,0
DA:393,0
DA:394,0
DA:398,0
DA:403,0
DA:404,0
DA:408,0
DA:409,0
DA:413,0
DA:414,0
DA:418,0
DA:419,0
DA:423,0
DA:428,0
DA:429,0
DA:433,0
DA:434,0
DA:438,0
DA:439,0
DA:443,0
DA:444,0
DA:448,0
DA:453,0
DA:454,0
DA:458,0
DA:459,0
DA:463,0
DA:464,0
DA:468,0
DA:469,0
DA:473,0
DA:474,0
DA:478,0
DA:479,0
DA:483,0
DA:488,0
DA:489,0
DA:493,0
DA:494,0
DA:498,0
DA:499,0
DA:503,0
DA:504,0
DA:508,0
DA:509,0
DA:513,0
DA:518,0
DA:519,0
DA:523,0
DA:528,0
DA:529,0
DA:533,0
DA:538,0
DA:539,0
DA:543,0
DA:544,0
DA:548,0
DA:553,0
DA:554,0
DA:558,0
DA:559,0
DA:563,0
DA:564,0
DA:568,0
DA:573,0
DA:574,0
DA:578,0
DA:583,0
DA:584,0
DA:588,0
DA:593,0
DA:594,0
DA:598,0
DA:603,0
DA:604,0
DA:608,0
DA:613,0
DA:614,0
DA:618,0
DA:623,0
DA:624,0
DA:628,0
DA:629,0
DA:633,0
DA:638,0
DA:639,0
DA:643,0
DA:648,0
DA:649,0
DA:653,0
DA:654,0
DA:658,0
DA:659,0
DA:663,0
DA:664,0
DA:668,0
DA:669,0
DA:673,0
DA:674,0
DA:678,0
DA:683,0
DA:684,0
DA:688,0
DA:689,0
DA:693,0
DA:694,0
DA:698,0
DA:699,0
DA:703,0
DA:708,0
DA:709,0
DA:713,0
DA:718,0
DA:719,0
DA:723,0
DA:728,0
DA:729,0
DA:733,0
DA:738,0
DA:739,0
DA:743,0
DA:744,0
DA:748,0
DA:753,0
DA:754,0
DA:758,0
DA:759,0
DA:763,0
DA:764,0
DA:768,0
DA:769,0
DA:773,0
DA:778,0
DA:779,0
DA:783,0
DA:784,0
DA:788,0
DA:793,0
DA:794,0
DA:798,0
DA:799,0
DA:803,0
DA:804,0
DA:808,0
DA:813,0
DA:814,0
DA:818,0
DA:819,0
DA:823,0
DA:824,0
DA:828,0
DA:833,0
DA:834,0
DA:838,0
DA:839,0
DA:843,0
DA:848,0
DA:849,0
DA:853,0
DA:858,0
DA:859,0
DA:863,0
DA:864,0
DA:868,0
DA:869,0
DA:873,0
DA:874,0
DA:878,0
DA:883,0
DA:884,0
DA:888,0
DA:889,0
DA:893,0
DA:894,0
DA:898,0
DA:899,0
DA:903,0
DA:908,0
DA:909,0
DA:913,0
DA:918,0
DA:919,0
DA:923,0
DA:924,0
DA:928,0
DA:929,0
DA:933,0
DA:938,0
DA:939,0
DA:943,0
DA:944,0
DA:948,2
DA:949,2
DA:953,2
DA:958,0
DA:959,0
DA:963,0
DA:968,0
DA:969,0
DA:973,0
DA:974,0
DA:978,0
DA:983,0
DA:984,0
DA:988,0
DA:989,0
DA:993,0
DA:994,0
DA:998,0
DA:999,0
DA:1003,0
DA:1008,0
DA:1009,0
DA:1013,0
DA:1018,0
DA:1019,0
DA:1023,0
DA:1024,0
DA:1028,0
DA:1033,0
DA:1034,0
DA:1038,0
DA:1043,0
DA:1044,0
DA:1048,0
DA:1053,0
DA:1054,0
DA:1058,0
DA:1063,0
DA:1064,0
DA:1068,0
DA:1073,0
DA:1074,0
DA:1078,0
DA:1083,0
DA:1084,0
DA:1088,0
DA:1093,0
DA:1094,0
DA:1098,0
DA:1099,0
DA:1103,0
DA:1104,0
DA:1108,0
DA:1113,0
DA:1114,0
DA:1118,0
DA:1123,0
DA:1124,0
DA:1128,0
DA:1129,0
DA:1133,0
DA:1134,0
DA:1138,0
DA:1143,0
DA:1144,0
DA:1148,0
DA:1149,0
DA:1153,0
DA:1158,0
DA:1159,0
DA:1163,0
DA:1168,0
DA:1169,0
DA:1173,0
DA:1174,0
DA:1178,0
DA:1179,0
DA:1183,0
DA:1184,0
DA:1188,0
DA:1193,0
DA:1194,0
DA:1198,0
DA:1199,0
DA:1203,0
DA:1208,0
DA:1209,0
DA:1213,0
DA:1214,0
DA:1218,0
DA:1223,0
DA:1224,0
DA:1228,0
DA:1233,0
DA:1234,0
DA:1238,0
DA:1243,0
DA:1244,0
DA:1248,0
DA:1253,0
DA:1254,0
DA:1258,0
DA:1263,0
DA:1264,0
DA:1268,0
DA:1269,0
DA:1273,0
DA:1278,0
DA:1279,0
DA:1283,0
DA:1284,0
DA:1288,0
DA:1289,0
DA:1293,0
DA:1298,0
DA:1299,0
DA:1303,0
DA:1308,0
DA:1309,0
DA:1310,0
DA:1313,0
DA:1318,0
DA:1319,0
DA:1323,2
DA:1324,2
DA:1328,2
DA:1333,0
DA:1334,0
DA:1338,0
DA:1343,0
DA:1344,0
DA:1348,0
DA:1353,2
DA:1354,2
DA:1358,2
DA:1363,1
DA:1364,2
DA:1368,0
DA:1369,0
DA:1373,0
DA:1374,0
DA:1378,0
DA:1379,0
DA:1383,0
DA:1388,0
DA:1389,0
DA:1393,0
DA:1394,0
DA:1398,0
DA:1403,0
DA:1404,0
DA:1408,0
DA:1409,0
DA:1413,0
DA:1418,0
DA:1419,0
DA:1420,0
DA:1423,0
DA:1428,0
DA:1429,0
DA:1433,0
DA:1438,0
DA:1439,0
DA:1443,0
DA:1448,0
DA:1449,0
DA:1453,0
DA:1458,0
DA:1459,0
DA:1463,0
DA:1468,0
DA:1469,0
DA:1473,0
DA:1478,0
DA:1479,0
DA:1483,0
DA:1488,0
DA:1489,0
DA:1493,0
DA:1498,0
DA:1499,0
DA:1503,0
DA:1504,0
DA:1508,0
DA:1509,0
DA:1513,0
DA:1514,0
DA:1518,0
DA:1519,0
DA:1523,0
DA:1524,0
DA:1528,0
DA:1529,0
DA:1533,0
DA:1534,0
DA:1538,0
DA:1539,0
DA:1543,0
DA:1544,0
DA:1548,0
DA:1549,0
DA:1553,0
DA:1554,0
DA:1558,0
DA:1559,0
DA:1563,0
DA:1564,0
DA:1568,0
DA:1569,0
DA:1573,0
DA:1578,0
DA:1579,0
DA:1583,0
DA:1588,0
DA:1589,0
DA:1593,0
DA:1594,0
DA:1598,0
DA:1599,0
DA:1603,0
DA:1604,0
DA:1608,0
DA:1609,0
DA:1613,0
DA:1618,0
DA:1619,0
DA:1623,0
DA:1624,0
DA:1628,0
DA:1633,0
DA:1634,0
DA:1638,0
DA:1643,0
DA:1644,0
DA:1648,0
DA:1649,0
DA:1653,0
DA:1654,0
DA:1658,0
DA:1663,0
DA:1664,0
DA:1668,0
DA:1669,0
DA:1673,0
DA:1678,0
DA:1679,0
DA:1683,0
DA:1688,0
DA:1689,0
DA:1693,0
DA:1694,0
DA:1698,0
DA:1703,0
DA:1704,0
DA:1708,0
DA:1713,0
DA:1714,0
DA:1718,0
DA:1719,0
DA:1723,0
DA:1728,0
DA:1729,0
DA:1733,0
DA:1738,0
DA:1739,0
DA:1743,0
DA:1744,0
DA:1748,0
DA:1753,0
DA:1754,0
DA:1758,0
DA:1763,0
DA:1764,0
DA:1768,0
DA:1773,0
DA:1774,0
DA:1778,0
DA:1779,0
DA:1783,0
DA:1788,0
DA:1789,0
DA:1794,1
DA:1796,0
DA:1803,0
DA:1804,0
DA:1805,0
DA:1806,0
DA:1807,0
DA:1810,0
DA:1811,0
DA:1812,0
LF:611
LH:22
end_of_record
SF:lib/config/errors/failure.dart
DA:10,3
DA:12,1
DA:13,2
DA:17,0
DA:19,1
DA:20,3
DA:24,8
DA:29,8
DA:34,0
DA:39,0
DA:44,8
DA:51,1
DA:52,4
LF:13
LH:10
end_of_record
SF:lib/features/home/data/models/home_model.dart
DA:23,2
DA:30,1
DA:31,1
DA:33,2
DA:40,2
DA:42,2
DA:43,12
DA:44,2
DA:81,2
DA:94,1
DA:95,1
DA:97,2
DA:99,2
DA:101,2
DA:102,2
DA:103,2
DA:104,2
DA:105,2
DA:106,2
DA:107,2
DA:108,2
DA:109,2
LF:22
LH:22
end_of_record
SF:lib/features/home/data/models/home_model.g.dart
DA:9,2
DA:10,1
DA:11,2
DA:12,1
DA:13,1
DA:14,3
DA:15,1
DA:18,2
DA:19,1
DA:20,1
DA:21,1
DA:22,1
DA:25,1
DA:26,1
DA:27,1
DA:28,1
DA:29,1
DA:30,1
DA:31,1
DA:32,1
DA:33,1
DA:34,1
DA:35,1
DA:36,1
DA:39,1
DA:40,1
DA:41,1
DA:42,1
DA:43,1
DA:44,1
DA:45,1
DA:46,1
DA:47,1
DA:48,1
DA:49,1
DA:50,1
LF:36
LH:36
end_of_record
SF:lib/features/home/data/repository/home_repository_imp.dart
DA:12,1
DA:14,1
DA:16,4
LF:3
LH:3
end_of_record
SF:lib/features/home/domain/parameters/home_parameters.dart
DA:22,3
DA:28,6
DA:29,6
DA:30,6
DA:32,0
DA:33,0
DA:35,0
DA:37,0
DA:38,0
LF:9
LH:4
end_of_record
SF:lib/features/home/domain/parameters/home_parameters.g.dart
DA:9,0
DA:10,0
DA:11,0
DA:12,0
DA:13,0
DA:14,0
DA:17,0
DA:18,0
DA:19,0
DA:20,0
DA:21,0
DA:22,0
LF:12
LH:0
end_of_record
SF:lib/core/data/datasources/local/cache/cache_storage_services.dart
DA:22,3
DA:24,6
DA:27,0
DA:28,0
DA:32,0
DA:33,0
DA:35,0
DA:37,0
DA:39,3
DA:41,0
DA:42,0
DA:44,0
DA:46,0
DA:47,0
DA:49,0
DA:51,0
DA:52,0
DA:54,0
DA:55,0
DA:57,3
DA:58,0
DA:60,0
DA:61,0
DA:63,0
DA:64,0
DA:66,3
DA:67,0
DA:69,0
DA:70,0
DA:72,0
DA:73,0
DA:75,0
DA:76,0
DA:78,0
DA:79,0
DA:81,0
DA:83,0
DA:85,0
DA:86,0
DA:87,0
DA:88,0
DA:89,0
DA:90,0
LF:43
LH:5
end_of_record
SF:lib/core/domain/entities/base_entity.dart
DA:6,3
LF:1
LH:1
end_of_record
SF:lib/core/domain/usecases/base_usecase.dart
DA:10,0
DA:11,0
LF:2
LH:0
end_of_record
SF:lib/core/presentation/bloc/base/base_state.dart
DA:40,2
DA:47,1
DA:52,1
DA:53,1
DA:54,1
DA:55,0
DA:58,1
DA:59,4
DA:62,1
DA:63,1
DA:67,1
DA:68,1
DA:72,1
DA:73,1
DA:77,0
DA:78,0
DA:80,0
DA:85,0
DA:88,3
DA:91,3
DA:94,3
DA:97,3
DA:100,3
LF:23
LH:18
end_of_record
SF:lib/features/home/domain/entities/home_entity.dart
DA:9,3
DA:14,1
DA:15,3
DA:29,3
DA:40,1
DA:42,9
LF:6
LH:6
end_of_record
SF:lib/shared/constants/app_constants.dart
DA:6,0
LF:1
LH:0
end_of_record
SF:lib/features/home/domain/usecases/get_home_usecase.dart
DA:11,1
DA:13,1
DA:15,2
LF:3
LH:3
end_of_record
SF:lib/features/home/presentation/blocs/home_bloc/home_bloc.dart
DA:15,2
DA:16,2
DA:19,1
DA:20,3
DA:21,3
DA:22,9
LF:6
LH:6
end_of_record
SF:lib/features/home/presentation/blocs/home_bloc/home_event.dart
DA:4,0
DA:6,1
DA:7,1
DA:11,0
LF:4
LH:2
end_of_record
SF:lib/generated/intl/messages_all.dart
DA:23,9
DA:24,6
DA:25,0
DA:28,3
DA:30,3
DA:31,3
DA:32,0
DA:33,0
DA:40,3
DA:41,3
DA:43,9
DA:44,0
DA:47,0
DA:49,6
DA:50,3
DA:51,9
DA:52,6
DA:53,3
DA:56,3
DA:58,3
DA:64,3
DA:65,3
DA:68,0
DA:71,3
LF:24
LH:18
end_of_record
SF:lib/generated/intl/messages_en.dart
DA:16,9
DA:21,0
DA:23,0
DA:25,0
DA:28,6
DA:29,3
DA:30,3
DA:31,3
DA:32,3
DA:33,3
DA:36,3
DA:37,3
DA:38,3
DA:39,3
DA:42,3
DA:43,3
DA:44,3
DA:47,3
DA:48,3
DA:49,3
DA:52,3
DA:55,3
DA:56,3
DA:59,3
DA:62,3
DA:64,3
DA:67,3
DA:68,3
DA:69,3
DA:72,3
DA:73,3
DA:74,3
DA:75,3
DA:76,3
DA:77,3
DA:78,3
DA:79,3
DA:80,3
DA:81,3
DA:84,3
DA:85,3
DA:86,3
DA:87,3
DA:88,3
DA:89,3
DA:90,3
DA:91,3
DA:92,3
DA:93,3
DA:96,3
DA:97,3
DA:100,3
DA:103,3
DA:104,3
DA:105,3
DA:106,3
DA:107,3
DA:108,3
DA:109,3
DA:112,3
DA:113,3
DA:114,3
DA:117,3
DA:118,3
DA:119,3
DA:122,3
DA:125,3
DA:126,3
DA:127,3
DA:130,3
DA:131,3
DA:132,3
DA:133,3
DA:134,3
DA:137,3
DA:138,3
DA:139,3
DA:142,3
DA:145,3
DA:148,3
DA:151,3
DA:152,3
DA:155,3
DA:156,3
DA:157,3
DA:160,3
DA:163,3
DA:166,3
DA:169,3
DA:170,3
DA:171,3
DA:172,3
DA:173,3
DA:174,3
DA:175,3
DA:176,3
DA:177,3
DA:178,3
DA:179,3
DA:182,3
DA:183,3
DA:184,3
DA:185,3
DA:188,3
DA:189,3
DA:192,3
DA:195,3
DA:196,3
DA:197,3
DA:198,3
DA:199,3
DA:200,3
DA:201,3
DA:202,3
DA:205,3
DA:206,3
DA:207,3
DA:209,3
DA:210,3
DA:213,3
DA:214,3
DA:216,3
DA:217,3
DA:218,3
DA:219,3
DA:220,3
DA:221,3
DA:224,3
DA:225,3
DA:226,3
DA:227,3
DA:228,3
DA:229,3
DA:230,3
DA:231,3
DA:234,3
DA:235,3
DA:236,3
DA:239,3
DA:240,3
DA:241,3
DA:244,3
DA:245,3
DA:248,3
DA:249,3
DA:250,3
DA:251,3
DA:252,3
DA:253,3
DA:254,3
DA:255,3
DA:256,3
DA:257,3
DA:258,3
DA:259,3
DA:262,3
DA:265,3
DA:266,3
DA:267,3
DA:268,3
DA:271,3
DA:274,3
DA:275,3
DA:276,3
DA:277,3
DA:278,3
DA:279,3
DA:280,3
DA:281,3
DA:282,3
DA:285,3
DA:288,3
DA:289,3
DA:290,3
DA:293,3
DA:294,3
DA:295,3
DA:296,3
DA:297,3
DA:298,3
DA:299,3
DA:300,3
DA:301,3
DA:304,3
DA:305,3
DA:306,3
DA:309,3
DA:310,3
DA:311,3
DA:314,3
DA:317,3
DA:318,3
DA:319,3
DA:320,3
DA:321,3
DA:322,3
DA:323,3
DA:324,3
DA:325,3
DA:326,3
DA:327,3
DA:328,3
DA:329,3
DA:330,3
DA:333,3
DA:336,3
DA:337,3
DA:338,3
DA:339,3
DA:340,3
DA:343,3
DA:344,3
DA:345,3
DA:346,3
DA:347,3
DA:348,3
DA:349,3
DA:350,3
DA:351,3
DA:352,3
DA:353,3
DA:354,3
DA:355,3
DA:358,3
DA:361,3
DA:363,3
DA:366,3
DA:367,3
DA:368,3
DA:369,3
DA:370,3
DA:373,3
DA:374,3
DA:375,3
DA:376,3
DA:379,3
DA:380,3
DA:383,3
DA:386,3
LF:239
LH:236
end_of_record
SF:lib/generated/intl/messages_vi.dart
DA:16,0
DA:21,0
DA:23,0
DA:25,0
DA:28,0
DA:29,0
DA:30,0
DA:31,0
DA:34,0
DA:35,0
DA:38,0
DA:39,0
DA:40,0
DA:41,0
DA:44,0
DA:45,0
DA:46,0
DA:49,0
DA:50,0
DA:51,0
DA:54,0
DA:57,0
DA:58,0
DA:61,0
DA:64,0
DA:65,0
DA:68,0
DA:69,0
DA:70,0
DA:73,0
DA:74,0
DA:77,0
DA:80,0
DA:81,0
DA:82,0
DA:83,0
DA:86,0
DA:87,0
DA:88,0
DA:91,0
DA:92,0
DA:93,0
DA:94,0
DA:97,0
DA:98,0
DA:99,0
DA:100,0
DA:101,0
DA:102,0
DA:105,0
DA:106,0
DA:109,0
DA:112,0
DA:113,0
DA:114,0
DA:115,0
DA:116,0
DA:117,0
DA:118,0
DA:121,0
DA:122,0
DA:123,0
DA:126,0
DA:127,0
DA:128,0
DA:131,0
DA:134,0
DA:135,0
DA:136,0
DA:139,0
DA:140,0
DA:141,0
DA:144,0
DA:145,0
DA:148,0
DA:149,0
DA:150,0
DA:151,0
DA:154,0
DA:157,0
DA:160,0
DA:161,0
DA:164,0
DA:165,0
DA:166,0
DA:169,0
DA:170,0
DA:171,0
DA:174,0
DA:175,0
DA:176,0
DA:177,0
DA:178,0
DA:179,0
DA:180,0
DA:181,0
DA:182,0
DA:183,0
DA:184,0
DA:187,0
DA:188,0
DA:189,0
DA:190,0
DA:193,0
DA:194,0
DA:197,0
DA:200,0
DA:201,0
DA:202,0
DA:203,0
DA:204,0
DA:205,0
DA:206,0
DA:207,0
DA:210,0
DA:211,0
DA:214,0
DA:216,0
DA:219,0
DA:222,0
DA:223,0
DA:225,0
DA:226,0
DA:227,0
DA:228,0
DA:229,0
DA:230,0
DA:233,0
DA:234,0
DA:235,0
DA:236,0
DA:239,0
DA:242,0
DA:245,0
DA:248,0
DA:251,0
DA:254,0
DA:257,0
DA:260,0
DA:263,0
DA:264,0
DA:267,0
DA:268,0
DA:271,0
DA:272,0
DA:273,0
DA:274,0
DA:275,0
DA:276,0
DA:277,0
DA:278,0
DA:279,0
DA:280,0
DA:281,0
DA:282,0
DA:285,0
DA:288,0
DA:289,0
DA:290,0
DA:291,0
DA:294,0
DA:297,0
DA:298,0
DA:301,0
DA:302,0
DA:303,0
DA:304,0
DA:305,0
DA:306,0
DA:307,0
DA:310,0
DA:313,0
DA:314,0
DA:315,0
DA:318,0
DA:321,0
DA:322,0
DA:323,0
DA:324,0
DA:325,0
DA:326,0
DA:327,0
DA:328,0
DA:331,0
DA:332,0
DA:333,0
DA:336,0
DA:337,0
DA:338,0
DA:341,0
DA:344,0
DA:345,0
DA:346,0
DA:347,0
DA:350,0
DA:351,0
DA:354,0
DA:355,0
DA:356,0
DA:357,0
DA:358,0
DA:361,0
DA:362,0
DA:363,0
DA:366,0
DA:369,0
DA:370,0
DA:373,0
DA:374,0
DA:375,0
DA:378,0
DA:379,0
DA:380,0
DA:381,0
DA:382,0
DA:385,0
DA:386,0
DA:387,0
DA:388,0
DA:389,0
DA:390,0
DA:391,0
DA:392,0
DA:395,0
DA:398,0
DA:400,0
DA:403,0
DA:404,0
DA:405,0
DA:406,0
DA:407,0
DA:410,0
DA:411,0
DA:412,0
DA:413,0
DA:414,0
DA:415,0
DA:418,0
DA:421,0
LF:239
LH:0
end_of_record
SF:lib/config/errors/errors_handler.dart
DA:23,0
DA:25,0
DA:28,0
DA:29,0
DA:31,0
DA:33,0
DA:34,0
DA:35,0
DA:37,0
DA:38,0
DA:39,0
DA:42,0
DA:43,0
DA:47,0
DA:48,0
DA:51,0
DA:52,0
DA:53,0
DA:60,0
DA:61,0
DA:62,0
DA:66,0
DA:67,0
DA:69,0
DA:73,0
DA:81,0
DA:82,0
DA:89,0
DA:97,1
DA:102,1
DA:105,1
DA:107,1
DA:108,2
DA:111,1
DA:115,1
DA:116,1
DA:117,1
DA:123,1
DA:124,4
DA:126,1
DA:130,1
DA:131,3
DA:133,1
DA:134,0
DA:136,0
DA:137,0
DA:142,0
DA:143,0
DA:144,0
DA:147,1
DA:148,0
DA:149,0
DA:150,0
DA:152,1
DA:153,0
DA:155,0
DA:160,0
DA:162,1
DA:163,0
DA:164,0
DA:165,0
DA:167,1
DA:168,0
DA:169,0
DA:170,0
DA:172,1
DA:173,0
DA:174,0
DA:175,0
DA:177,2
DA:178,2
DA:179,1
DA:186,1
DA:189,2
DA:191,1
DA:193,1
DA:197,2
LF:77
LH:28
end_of_record
SF:lib/core/domain/models/base_model.dart
DA:6,2
LF:1
LH:1
end_of_record
SF:lib/core/data/repositories/app_response.dart
DA:18,0
DA:25,0
DA:26,0
DA:27,0
DA:29,0
DA:30,0
LF:6
LH:0
end_of_record
SF:lib/shared/services/logger/logger_service.dart
DA:50,1
DA:51,1
DA:65,0
DA:66,0
DA:80,1
DA:81,1
DA:96,1
DA:97,1
DA:115,1
DA:121,0
DA:122,1
DA:125,1
DA:126,3
DA:127,1
DA:128,1
DA:129,1
DA:130,1
DA:133,7
DA:134,1
DA:141,1
DA:143,2
DA:146,10
DA:150,1
DA:152,1
DA:172,1
DA:179,1
DA:180,2
DA:181,0
DA:182,2
DA:183,1
DA:188,2
DA:198,2
DA:206,2
DA:216,1
DA:221,1
DA:235,0
DA:236,0
DA:246,0
DA:249,0
DA:252,0
DA:255,0
DA:258,0
DA:261,0
DA:264,0
LF:44
LH:31
end_of_record
SF:lib/core/data/models/error_message_model.dart
DA:11,0
DA:20,0
DA:21,0
DA:22,0
DA:23,0
DA:27,0
DA:28,0
LF:7
LH:0
end_of_record
SF:lib/config/errors/exception.dart
DA:13,0
DA:22,0
DA:30,0
DA:39,0
DA:48,0
DA:56,0
DA:66,0
DA:71,0
DA:72,0
LF:9
LH:0
end_of_record
